\BOOKMARK [0][-]{chapter.1}{Einleitung}{}% 1
\BOOKMARK [0][-]{chapter.2}{Aufgabenstellung}{}% 2
\BOOKMARK [1][-]{section.2.1}{Die Kinect-Funktionsweise}{chapter.2}% 3
\BOOKMARK [2][-]{subsection.2.1.1}{Funktionsweise}{section.2.1}% 4
\BOOKMARK [2][-]{subsection.2.1.2}{Funktionale Komponenten}{section.2.1}% 5
\BOOKMARK [2][-]{subsection.2.1.3}{Tiefenberechnung}{section.2.1}% 6
\BOOKMARK [2][-]{subsection.2.1.4}{Das Schattenproblem}{section.2.1}% 7
\BOOKMARK [1][-]{section.2.2}{Anforderungen}{chapter.2}% 8
\BOOKMARK [0][-]{chapter.3}{Die Skelettierung}{}% 9
\BOOKMARK [1][-]{section.3.1}{Thinning}{chapter.3}% 10
\BOOKMARK [1][-]{section.3.2}{Distanztransformation}{chapter.3}% 11
\BOOKMARK [1][-]{section.3.3}{Weitere Verfahren}{chapter.3}% 12
\BOOKMARK [1][-]{section.3.4}{Verwandte Arbeiten}{chapter.3}% 13
\BOOKMARK [2][-]{subsection.3.4.1}{Extracting Skeletons From Distance Maps}{section.3.4}% 14
\BOOKMARK [2][-]{subsection.3.4.2}{A Fast Parallel Algorithm for Thinning Digital Patterns}{section.3.4}% 15
\BOOKMARK [0][-]{chapter.4}{Implementierung der Algorithmen}{}% 16
\BOOKMARK [1][-]{section.4.1}{Wahl der Algorithmen}{chapter.4}% 17
\BOOKMARK [1][-]{section.4.2}{Die Arbeitsumgebung}{chapter.4}% 18
\BOOKMARK [1][-]{section.4.3}{Spieler-Segmentierung}{chapter.4}% 19
\BOOKMARK [1][-]{section.4.4}{Thinning}{chapter.4}% 20
\BOOKMARK [2][-]{subsection.4.4.1}{Fast Parallel Thinning Algorithm}{section.4.4}% 21
\BOOKMARK [1][-]{section.4.5}{Distanztransformation}{chapter.4}% 22
\BOOKMARK [0][-]{chapter.5}{Ergebnisse}{}% 23
\BOOKMARK [0][-]{chapter.6}{Zusammenfassung}{}% 24
\BOOKMARK [0][-]{chapter.7}{Fazit und Ausblick}{}% 25
\BOOKMARK [1][-]{section.7.1}{Fazit}{chapter.7}% 26
\BOOKMARK [1][-]{section.7.2}{Ausblick}{chapter.7}% 27
\BOOKMARK [0][-]{chapter.8}{TODO Anhang}{}% 28
